schema=atomic-stockfish-hito6-pinned-pipeline-summary-v1
provenance=normalized local observed output plus GitHub Actions API and job log
result=PASS

tools_pr_url=https://github.com/Belzedar94/variant-nnue-tools/pull/26
tools_checks=12/12 PASS
tools_codex_review=Didn't find any major issues

local_profile=strong-local
local_atomic_commit=e0b58ebd9c171eb8555dbb2827ccdf90c7f5a924
local_tools_commit=22c271c30641134109252e0665a98837d4f74ba8
local_trainer_commit=dafec1daa594ff7eff3dca79064ed10660702a36
local_lock_build_profile_tests=76/76 PASS
local_tools_manifest_sha256=874F3A9313F0E0B29ADC88BC79A4898FE17229F88B9CF2BF03B228E9C8E29FEF
local_trainer_manifest_sha256=C37A0E12C316D4849E05763C126A8CFBFED99E38174356525FA9F075A5787CB2
local_atomic_manifest_sha256=6E7C050EAE18A08116E1654EA307779A95FEF50A466593DFECB7107FC29E8C82
local_data_sha256=7DE72B1385DBC8E37312A513D1CF4C7D99F889EC8B747F548ED32E8D7A261A2D
local_nnue_sha256=A69FB0A7DC211AA4D8BB0974BA881F6CA0F98C5FBC30E0203B9E08B99076E3DC
local_loss=0.0347999074
local_ft_delta=8.66651535e-05
local_fc_delta=8.454262e-07
local_bestmove=b2b3

public_profile=synthetic-ci
public_status=PASS
public_checks=11/11 PASS
public_run_url=https://github.com/Belzedar94/Atomic-Stockfish/actions/runs/29177376824
public_job_url=https://github.com/Belzedar94/Atomic-Stockfish/actions/runs/29177376824/job/86608800030
public_event=pull_request
public_head_sha=e0b58ebd9c171eb8555dbb2827ccdf90c7f5a924
public_base_sha=753060ade187cf6b74428dd4f929b7380d6073a0
public_tested_merge_sha=7968672f37f537aed6eeff169e5524f91a88f853
public_tools_commit=22c271c30641134109252e0665a98837d4f74ba8
public_trainer_commit=dafec1daa594ff7eff3dca79064ed10660702a36
public_source_sha256=9CF054CA00B82AB53A34473DE52D1104AEDDAA19B2E7B24091B5E613AF485985
public_data_sha256=95565809C53E914A192D095B18C7BAB9A0C35AF9510347DC2C63BAA385D69988
public_nnue_sha256=0F84B1702A48540BBDED521B227524FA55B72A92E36CA9CADC4FDDF4345F95C7
public_loss=0.000145109807
public_ft_delta=9.38773155e-07
public_fc_delta=1.50070571e-06
public_bestmove=b2b3
