job=gcc15-debug
head=125d6d446d1fd407c6122f0409e62314206a202e
mode=debug
comp=gcc
cxx=g++
source_date_epoch=1783780430
PRETTY_NAME="Debian GNU/Linux 12 (bookworm)"
NAME="Debian GNU/Linux"
VERSION_ID="12"
VERSION="12 (bookworm)"
VERSION_CODENAME=bookworm
ID=debian
HOME_URL="https://www.debian.org/"
SUPPORT_URL="https://www.debian.org/support"
BUG_REPORT_URL="https://bugs.debian.org/"
Linux 7adc6fe120fd 6.18.33.2-microsoft-standard-WSL2 #1 SMP PREEMPT_DYNAMIC Thu Jun 18 21:54:43 UTC 2026 x86_64 GNU/Linux
g++ (GCC) 15.2.0
Copyright (C) 2025 Free Software Foundation, Inc.
This is free software; see the source for copying conditions.  There is NO
warranty; not even for MERCHANTABILITY or FITNESS FOR A PARTICULAR PURPOSE.

Python 3.11.2
GNU Make 4.3
Built for x86_64-pc-linux-gnu
Copyright (C) 1988-2020 Free Software Foundation, Inc.
License GPLv3+: GNU GPL version 3 or later <http://gnu.org/licenses/gpl.html>
This is free software: you are free to change and redistribute it.
There is NO WARRANTY, to the extent permitted by law.
/fixtures/atomic.nnue: OK
make: Entering directory '/work/src'
make: Leaving directory '/work/src'
make: Entering directory '/work/src'

Config:
debug: 'yes'
sanitize: 'none'
optimize: 'no'
arch: 'x86_64'
bits: '64'
kernel: 'Linux'
os: 'GNU/Linux'
prefetch: 'yes'
popcnt: 'no'
pext: 'no'
sse: 'yes'
mmx: 'no'
sse2: 'yes'
ssse3: 'no'
sse41: 'no'
avx2: 'no'
avxvnni: 'no'
avx512: 'no'
vnni512: 'no'
avx512icl: 'no'
altivec: 'no'
vsx: 'no'
neon: 'no'
dotprod: 'no'
arm_version: '0'
lsx: 'no'
lasx: 'no'
syzygy: 'yes'
target_windows: ''

Flags:
CXX: g++
CXXFLAGS:  -Wall -Wcast-qual -fno-exceptions -std=c++17  -pedantic -Wextra -Wshadow -Wmissing-declarations -m64 -Wstack-usage=128000 -fno-ipa-cp-clone -fconstexpr-ops-limit=500000000 -DUSE_PTHREADS -g -D_GLIBCXX_ASSERTIONS -D_GLIBCXX_DEBUG -DIS_64BIT -msse -DUSE_SSE2 -msse2 -DARCH=x86-64
LDFLAGS:   -m64 -Wl,--no-as-needed -lpthread -lrt

Testing config sanity. If this fails, try 'make help' ...

make ARCH=x86-64 COMP=gcc all
make[1]: Entering directory '/work/src'
g++ -Wall -Wcast-qual -fno-exceptions -std=c++17 -pedantic -Wextra -Wshadow -Wmissing-declarations -m64 -Wstack-usage=128000 -fno-ipa-cp-clone -fconstexpr-ops-limit=500000000 -DUSE_PTHREADS -g -D_GLIBCXX_ASSERTIONS -D_GLIBCXX_DEBUG -DIS_64BIT -msse -DUSE_SSE2 -msse2 -DARCH=x86-64 -c -o attacks.o attacks.cpp
g++ -Wall -Wcast-qual -fno-exceptions -std=c++17 -pedantic -Wextra -Wshadow -Wmissing-declarations -m64 -Wstack-usage=128000 -fno-ipa-cp-clone -fconstexpr-ops-limit=500000000 -DUSE_PTHREADS -g -D_GLIBCXX_ASSERTIONS -D_GLIBCXX_DEBUG -DIS_64BIT -msse -DUSE_SSE2 -msse2 -DARCH=x86-64 -c -o benchmark.o benchmark.cpp
g++ -Wall -Wcast-qual -fno-exceptions -std=c++17 -pedantic -Wextra -Wshadow -Wmissing-declarations -m64 -Wstack-usage=128000 -fno-ipa-cp-clone -fconstexpr-ops-limit=500000000 -DUSE_PTHREADS -g -D_GLIBCXX_ASSERTIONS -D_GLIBCXX_DEBUG -DIS_64BIT -msse -DUSE_SSE2 -msse2 -DARCH=x86-64 -c -o bitboard.o bitboard.cpp
g++ -Wall -Wcast-qual -fno-exceptions -std=c++17 -pedantic -Wextra -Wshadow -Wmissing-declarations -m64 -Wstack-usage=128000 -fno-ipa-cp-clone -fconstexpr-ops-limit=500000000 -DUSE_PTHREADS -g -D_GLIBCXX_ASSERTIONS -D_GLIBCXX_DEBUG -DIS_64BIT -msse -DUSE_SSE2 -msse2 -DARCH=x86-64 -c -o evaluate.o evaluate.cpp
g++ -Wall -Wcast-qual -fno-exceptions -std=c++17 -pedantic -Wextra -Wshadow -Wmissing-declarations -m64 -Wstack-usage=128000 -fno-ipa-cp-clone -fconstexpr-ops-limit=500000000 -DUSE_PTHREADS -g -D_GLIBCXX_ASSERTIONS -D_GLIBCXX_DEBUG -DIS_64BIT -msse -DUSE_SSE2 -msse2 -DARCH=x86-64 -c -o main.o main.cpp
g++ -Wall -Wcast-qual -fno-exceptions -std=c++17 -pedantic -Wextra -Wshadow -Wmissing-declarations -m64 -Wstack-usage=128000 -fno-ipa-cp-clone -fconstexpr-ops-limit=500000000 -DUSE_PTHREADS -g -D_GLIBCXX_ASSERTIONS -D_GLIBCXX_DEBUG -DIS_64BIT -msse -DUSE_SSE2 -msse2 -DARCH=x86-64 -DGIT_SHA=125d6d44 -DGIT_DATE=20260711 -c -o misc.o misc.cpp
g++ -Wall -Wcast-qual -fno-exceptions -std=c++17 -pedantic -Wextra -Wshadow -Wmissing-declarations -m64 -Wstack-usage=128000 -fno-ipa-cp-clone -fconstexpr-ops-limit=500000000 -DUSE_PTHREADS -g -D_GLIBCXX_ASSERTIONS -D_GLIBCXX_DEBUG -DIS_64BIT -msse -DUSE_SSE2 -msse2 -DARCH=x86-64 -c -o movegen.o movegen.cpp
g++ -Wall -Wcast-qual -fno-exceptions -std=c++17 -pedantic -Wextra -Wshadow -Wmissing-declarations -m64 -Wstack-usage=128000 -fno-ipa-cp-clone -fconstexpr-ops-limit=500000000 -DUSE_PTHREADS -g -D_GLIBCXX_ASSERTIONS -D_GLIBCXX_DEBUG -DIS_64BIT -msse -DUSE_SSE2 -msse2 -DARCH=x86-64 -c -o movepick.o movepick.cpp
g++ -Wall -Wcast-qual -fno-exceptions -std=c++17 -pedantic -Wextra -Wshadow -Wmissing-declarations -m64 -Wstack-usage=128000 -fno-ipa-cp-clone -fconstexpr-ops-limit=500000000 -DUSE_PTHREADS -g -D_GLIBCXX_ASSERTIONS -D_GLIBCXX_DEBUG -DIS_64BIT -msse -DUSE_SSE2 -msse2 -DARCH=x86-64 -c -o position.o position.cpp
g++ -Wall -Wcast-qual -fno-exceptions -std=c++17 -pedantic -Wextra -Wshadow -Wmissing-declarations -m64 -Wstack-usage=128000 -fno-ipa-cp-clone -fconstexpr-ops-limit=500000000 -DUSE_PTHREADS -g -D_GLIBCXX_ASSERTIONS -D_GLIBCXX_DEBUG -DIS_64BIT -msse -DUSE_SSE2 -msse2 -DARCH=x86-64 -c -o search.o search.cpp
g++ -Wall -Wcast-qual -fno-exceptions -std=c++17 -pedantic -Wextra -Wshadow -Wmissing-declarations -m64 -Wstack-usage=128000 -fno-ipa-cp-clone -fconstexpr-ops-limit=500000000 -DUSE_PTHREADS -g -D_GLIBCXX_ASSERTIONS -D_GLIBCXX_DEBUG -DIS_64BIT -msse -DUSE_SSE2 -msse2 -DARCH=x86-64 -c -o thread.o thread.cpp
g++ -Wall -Wcast-qual -fno-exceptions -std=c++17 -pedantic -Wextra -Wshadow -Wmissing-declarations -m64 -Wstack-usage=128000 -fno-ipa-cp-clone -fconstexpr-ops-limit=500000000 -DUSE_PTHREADS -g -D_GLIBCXX_ASSERTIONS -D_GLIBCXX_DEBUG -DIS_64BIT -msse -DUSE_SSE2 -msse2 -DARCH=x86-64 -c -o timeman.o timeman.cpp
g++ -Wall -Wcast-qual -fno-exceptions -std=c++17 -pedantic -Wextra -Wshadow -Wmissing-declarations -m64 -Wstack-usage=128000 -fno-ipa-cp-clone -fconstexpr-ops-limit=500000000 -DUSE_PTHREADS -g -D_GLIBCXX_ASSERTIONS -D_GLIBCXX_DEBUG -DIS_64BIT -msse -DUSE_SSE2 -msse2 -DARCH=x86-64 -c -o tt.o tt.cpp
g++ -Wall -Wcast-qual -fno-exceptions -std=c++17 -pedantic -Wextra -Wshadow -Wmissing-declarations -m64 -Wstack-usage=128000 -fno-ipa-cp-clone -fconstexpr-ops-limit=500000000 -DUSE_PTHREADS -g -D_GLIBCXX_ASSERTIONS -D_GLIBCXX_DEBUG -DIS_64BIT -msse -DUSE_SSE2 -msse2 -DARCH=x86-64 -c -o uci.o uci.cpp
g++ -Wall -Wcast-qual -fno-exceptions -std=c++17 -pedantic -Wextra -Wshadow -Wmissing-declarations -m64 -Wstack-usage=128000 -fno-ipa-cp-clone -fconstexpr-ops-limit=500000000 -DUSE_PTHREADS -g -D_GLIBCXX_ASSERTIONS -D_GLIBCXX_DEBUG -DIS_64BIT -msse -DUSE_SSE2 -msse2 -DARCH=x86-64 -c -o uci_move.o uci_move.cpp
g++ -Wall -Wcast-qual -fno-exceptions -std=c++17 -pedantic -Wextra -Wshadow -Wmissing-declarations -m64 -Wstack-usage=128000 -fno-ipa-cp-clone -fconstexpr-ops-limit=500000000 -DUSE_PTHREADS -g -D_GLIBCXX_ASSERTIONS -D_GLIBCXX_DEBUG -DIS_64BIT -msse -DUSE_SSE2 -msse2 -DARCH=x86-64 -c -o ucioption.o ucioption.cpp
g++ -Wall -Wcast-qual -fno-exceptions -std=c++17 -pedantic -Wextra -Wshadow -Wmissing-declarations -m64 -Wstack-usage=128000 -fno-ipa-cp-clone -fconstexpr-ops-limit=500000000 -DUSE_PTHREADS -g -D_GLIBCXX_ASSERTIONS -D_GLIBCXX_DEBUG -DIS_64BIT -msse -DUSE_SSE2 -msse2 -DARCH=x86-64 -c -o xboard.o xboard.cpp
g++ -Wall -Wcast-qual -fno-exceptions -std=c++17 -pedantic -Wextra -Wshadow -Wmissing-declarations -m64 -Wstack-usage=128000 -fno-ipa-cp-clone -fconstexpr-ops-limit=500000000 -DUSE_PTHREADS -g -D_GLIBCXX_ASSERTIONS -D_GLIBCXX_DEBUG -DIS_64BIT -msse -DUSE_SSE2 -msse2 -DARCH=x86-64 -c -o tune.o tune.cpp
g++ -Wall -Wcast-qual -fno-exceptions -std=c++17 -pedantic -Wextra -Wshadow -Wmissing-declarations -m64 -Wstack-usage=128000 -fno-ipa-cp-clone -fconstexpr-ops-limit=500000000 -DUSE_PTHREADS -g -D_GLIBCXX_ASSERTIONS -D_GLIBCXX_DEBUG -DIS_64BIT -msse -DUSE_SSE2 -msse2 -DARCH=x86-64 -c -o tbprobe.o syzygy/tbprobe.cpp
g++ -Wall -Wcast-qual -fno-exceptions -std=c++17 -pedantic -Wextra -Wshadow -Wmissing-declarations -m64 -Wstack-usage=128000 -fno-ipa-cp-clone -fconstexpr-ops-limit=500000000 -DUSE_PTHREADS -g -D_GLIBCXX_ASSERTIONS -D_GLIBCXX_DEBUG -DIS_64BIT -msse -DUSE_SSE2 -msse2 -DARCH=x86-64 -c -o atomic_notation.o api/atomic_notation.cpp
g++ -Wall -Wcast-qual -fno-exceptions -std=c++17 -pedantic -Wextra -Wshadow -Wmissing-declarations -m64 -Wstack-usage=128000 -fno-ipa-cp-clone -fconstexpr-ops-limit=500000000 -DUSE_PTHREADS -g -D_GLIBCXX_ASSERTIONS -D_GLIBCXX_DEBUG -DIS_64BIT -msse -DUSE_SSE2 -msse2 -DARCH=x86-64 -c -o atomic_outcome.o api/atomic_outcome.cpp
g++ -Wall -Wcast-qual -fno-exceptions -std=c++17 -pedantic -Wextra -Wshadow -Wmissing-declarations -m64 -Wstack-usage=128000 -fno-ipa-cp-clone -fconstexpr-ops-limit=500000000 -DUSE_PTHREADS -g -D_GLIBCXX_ASSERTIONS -D_GLIBCXX_DEBUG -DIS_64BIT -msse -DUSE_SSE2 -msse2 -DARCH=x86-64 -c -o nnue_accumulator.o nnue/nnue_accumulator.cpp
g++ -Wall -Wcast-qual -fno-exceptions -std=c++17 -pedantic -Wextra -Wshadow -Wmissing-declarations -m64 -Wstack-usage=128000 -fno-ipa-cp-clone -fconstexpr-ops-limit=500000000 -DUSE_PTHREADS -g -D_GLIBCXX_ASSERTIONS -D_GLIBCXX_DEBUG -DIS_64BIT -msse -DUSE_SSE2 -msse2 -DARCH=x86-64 -c -o nnue_misc.o nnue/nnue_misc.cpp
g++ -Wall -Wcast-qual -fno-exceptions -std=c++17 -pedantic -Wextra -Wshadow -Wmissing-declarations -m64 -Wstack-usage=128000 -fno-ipa-cp-clone -fconstexpr-ops-limit=500000000 -DUSE_PTHREADS -g -D_GLIBCXX_ASSERTIONS -D_GLIBCXX_DEBUG -DIS_64BIT -msse -DUSE_SSE2 -msse2 -DARCH=x86-64 -c -o network.o nnue/network.cpp
g++ -Wall -Wcast-qual -fno-exceptions -std=c++17 -pedantic -Wextra -Wshadow -Wmissing-declarations -m64 -Wstack-usage=128000 -fno-ipa-cp-clone -fconstexpr-ops-limit=500000000 -DUSE_PTHREADS -g -D_GLIBCXX_ASSERTIONS -D_GLIBCXX_DEBUG -DIS_64BIT -msse -DUSE_SSE2 -msse2 -DARCH=x86-64 -c -o half_ka_v2_hm.o nnue/features/half_ka_v2_hm.cpp
g++ -Wall -Wcast-qual -fno-exceptions -std=c++17 -pedantic -Wextra -Wshadow -Wmissing-declarations -m64 -Wstack-usage=128000 -fno-ipa-cp-clone -fconstexpr-ops-limit=500000000 -DUSE_PTHREADS -g -D_GLIBCXX_ASSERTIONS -D_GLIBCXX_DEBUG -DIS_64BIT -msse -DUSE_SSE2 -msse2 -DARCH=x86-64 -c -o half_ka_v2_atomic.o nnue/features/half_ka_v2_atomic.cpp
g++ -Wall -Wcast-qual -fno-exceptions -std=c++17 -pedantic -Wextra -Wshadow -Wmissing-declarations -m64 -Wstack-usage=128000 -fno-ipa-cp-clone -fconstexpr-ops-limit=500000000 -DUSE_PTHREADS -g -D_GLIBCXX_ASSERTIONS -D_GLIBCXX_DEBUG -DIS_64BIT -msse -DUSE_SSE2 -msse2 -DARCH=x86-64 -c -o full_threats.o nnue/features/full_threats.cpp
g++ -Wall -Wcast-qual -fno-exceptions -std=c++17 -pedantic -Wextra -Wshadow -Wmissing-declarations -m64 -Wstack-usage=128000 -fno-ipa-cp-clone -fconstexpr-ops-limit=500000000 -DUSE_PTHREADS -g -D_GLIBCXX_ASSERTIONS -D_GLIBCXX_DEBUG -DIS_64BIT -msse -DUSE_SSE2 -msse2 -DARCH=x86-64 -c -o engine.o engine.cpp
g++ -Wall -Wcast-qual -fno-exceptions -std=c++17 -pedantic -Wextra -Wshadow -Wmissing-declarations -m64 -Wstack-usage=128000 -fno-ipa-cp-clone -fconstexpr-ops-limit=500000000 -DUSE_PTHREADS -g -D_GLIBCXX_ASSERTIONS -D_GLIBCXX_DEBUG -DIS_64BIT -msse -DUSE_SSE2 -msse2 -DARCH=x86-64 -c -o score.o score.cpp
g++ -Wall -Wcast-qual -fno-exceptions -std=c++17 -pedantic -Wextra -Wshadow -Wmissing-declarations -m64 -Wstack-usage=128000 -fno-ipa-cp-clone -fconstexpr-ops-limit=500000000 -DUSE_PTHREADS -g -D_GLIBCXX_ASSERTIONS -D_GLIBCXX_DEBUG -DIS_64BIT -msse -DUSE_SSE2 -msse2 -DARCH=x86-64 -c -o memory.o memory.cpp
g++ -o atomic-stockfish attacks.o benchmark.o bitboard.o evaluate.o main.o misc.o movegen.o movepick.o position.o search.o thread.o timeman.o tt.o uci.o uci_move.o ucioption.o xboard.o tune.o tbprobe.o atomic_notation.o atomic_outcome.o nnue_accumulator.o nnue_misc.o network.o half_ka_v2_hm.o half_ka_v2_atomic.o full_threats.o engine.o score.o memory.o   -m64 -Wl,--no-as-needed -lpthread -lrt
make[1]: Leaving directory '/work/src'
make: Leaving directory '/work/src'
make: Entering directory '/work/src'

g++ -Wall -Wcast-qual -fno-exceptions -std=c++17 -pedantic -Wextra -Wshadow -Wmissing-declarations -m64 -Wstack-usage=128000 -fno-ipa-cp-clone -fconstexpr-ops-limit=500000000 -DUSE_PTHREADS -g -D_GLIBCXX_ASSERTIONS -D_GLIBCXX_DEBUG -DIS_64BIT -msse -DUSE_SSE2 -msse2 -DARCH=x86-64 -I. -c -o atomic_see_tests.o ../tests/atomic_see.cpp
Config:
debug: 'yes'
sanitize: 'none'
optimize: 'no'
arch: 'x86_64'
bits: '64'
kernel: 'Linux'
os: 'GNU/Linux'
prefetch: 'yes'
popcnt: 'no'
pext: 'no'
sse: 'yes'
mmx: 'no'
sse2: 'yes'
ssse3: 'no'
sse41: 'no'
avx2: 'no'
avxvnni: 'no'
avx512: 'no'
vnni512: 'no'
avx512icl: 'no'
altivec: 'no'
vsx: 'no'
neon: 'no'
dotprod: 'no'
arm_version: '0'
lsx: 'no'
lasx: 'no'
syzygy: 'yes'
target_windows: ''

Flags:
CXX: g++
CXXFLAGS:  -Wall -Wcast-qual -fno-exceptions -std=c++17  -pedantic -Wextra -Wshadow -Wmissing-declarations -m64 -Wstack-usage=128000 -fno-ipa-cp-clone -fconstexpr-ops-limit=500000000 -DUSE_PTHREADS -g -D_GLIBCXX_ASSERTIONS -D_GLIBCXX_DEBUG -DIS_64BIT -msse -DUSE_SSE2 -msse2 -DARCH=x86-64
LDFLAGS:   -m64 -Wl,--no-as-needed -lpthread -lrt

Testing config sanity. If this fails, try 'make help' ...

g++ -o atomic-unit-tests.bin attacks.o benchmark.o bitboard.o evaluate.o misc.o movegen.o movepick.o position.o search.o thread.o timeman.o tt.o uci.o uci_move.o ucioption.o xboard.o tune.o tbprobe.o atomic_notation.o atomic_outcome.o nnue_accumulator.o nnue_misc.o network.o half_ka_v2_hm.o half_ka_v2_atomic.o full_threats.o engine.o score.o memory.o atomic_see_tests.o   -m64 -Wl,--no-as-needed -lpthread -lrt
./atomic-unit-tests.bin
PASS enemy bycatch SEE=1861
PASS friendly bycatch SEE=-302
PASS adjacent pawns immune SEE=-402
PASS attacker inside blast SEE=-783
PASS opponent declines quiet capture SEE=0
PASS king excluded as quiet attacker SEE=0
PASS opponent king explodes SEE=32000
PASS own king explodes SEE=-32000
PASS Atomic values change SEE sign SEE=-221
PASS en passant SEE=0
PASS promotion SEE=0
PASS castling SEE=0
PASS direct king capture atomic_wins=1
PASS adjacent king bycatch atomic_wins=1
PASS en-passant king bycatch atomic_wins=1
PASS capture-promotion king bycatch atomic_wins=1
PASS remote capture atomic_wins=0
PASS quiet move beside king atomic_wins=0
PASS remote en passant atomic_wins=0
PASS quiet direct check gives_check=1
PASS quiet discovered check gives_check=1
PASS capturer explosion removes checker gives_check=0
PASS capture blast discovers check gives_check=1
PASS en passant discovers check gives_check=1
PASS promotion gives check gives_check=1
PASS castling rook gives check gives_check=1
PASS adjacent kings suppress discovered check gives_check=0
PASS analysis check survives unrelated quiet gives_check=1
PASS analysis rook check survives b1 quiet gives_check=1
PASS Atomic960 castling with king already on g1 gives_check=1
PASS Atomic960 castling with rook already on f1 gives_check=1
PASS Atomic960 castling with king starting on f1 gives_check=1
PASS Atomic960 castling with rook starting on g1 gives_check=1
PASS explosive capture state make/undo state
PASS en passant state make/undo state
PASS capture promotion state make/undo state
PASS direct king capture state make/undo state
PASS blast clears castling state make/undo state
PASS double push en passant key make/undo state
PASS orthodox-layout Atomic castling make/undo state
PASS Atomic960 castling make/undo state
PASS repetition and threefold state
PASS fifty-move and reset state
PASS UCI move notation, case folding and Atomic960 castling
PASS Atomic move-count threshold improving=0 depth=3 threshold=4
PASS Atomic move-count threshold improving=0 depth=4 threshold=7
PASS Atomic move-count threshold improving=0 depth=6 threshold=13
PASS Atomic move-count threshold improving=1 depth=3 threshold=7
PASS Atomic move-count threshold improving=1 depth=4 threshold=10
PASS Atomic move-count threshold improving=1 depth=6 threshold=20
PASS Atomic capture-futility eligibility normal victim only eligible=1
PASS Atomic capture-futility eligibility adjacent pawn survives eligible=1
PASS Atomic capture-futility eligibility non-pawn explosion bycatch eligible=0
PASS Atomic capture-futility eligibility en passant eligible=0
PASS Atomic capture-futility eligibility capture promotion eligible=0
PASS Atomic capture-futility eligibility quiet normal move eligible=0
Atomic C++ unit tests passed: 56/56
make: Leaving directory '/work/src'
make: Entering directory '/work/src'

g++ -Wall -Wcast-qual -fno-exceptions -std=c++17 -pedantic -Wextra -Wshadow -Wmissing-declarations -m64 -Wstack-usage=128000 -fno-ipa-cp-clone -fconstexpr-ops-limit=500000000 -DUSE_PTHREADS -g -D_GLIBCXX_ASSERTIONS -D_GLIBCXX_DEBUG -DIS_64BIT -msse -DUSE_SSE2 -msse2 -DARCH=x86-64 -fexceptions -c -o atomic_board.o api/atomic_board.cpp
Config:
debug: 'yes'
sanitize: 'none'
optimize: 'no'
arch: 'x86_64'
bits: '64'
kernel: 'Linux'
os: 'GNU/Linux'
prefetch: 'yes'
popcnt: 'no'
pext: 'no'
sse: 'yes'
mmx: 'no'
sse2: 'yes'
ssse3: 'no'
sse41: 'no'
avx2: 'no'
avxvnni: 'no'
avx512: 'no'
vnni512: 'no'
avx512icl: 'no'
altivec: 'no'
vsx: 'no'
neon: 'no'
dotprod: 'no'
arm_version: '0'
lsx: 'no'
lasx: 'no'
syzygy: 'yes'
target_windows: ''

Flags:
CXX: g++
CXXFLAGS:  -Wall -Wcast-qual -fno-exceptions -std=c++17  -pedantic -Wextra -Wshadow -Wmissing-declarations -m64 -Wstack-usage=128000 -fno-ipa-cp-clone -fconstexpr-ops-limit=500000000 -DUSE_PTHREADS -g -D_GLIBCXX_ASSERTIONS -D_GLIBCXX_DEBUG -DIS_64BIT -msse -DUSE_SSE2 -msse2 -DARCH=x86-64
LDFLAGS:   -m64 -Wl,--no-as-needed -lpthread -lrt

Testing config sanity. If this fails, try 'make help' ...

g++ -Wall -Wcast-qual -fno-exceptions -std=c++17 -pedantic -Wextra -Wshadow -Wmissing-declarations -m64 -Wstack-usage=128000 -fno-ipa-cp-clone -fconstexpr-ops-limit=500000000 -DUSE_PTHREADS -g -D_GLIBCXX_ASSERTIONS -D_GLIBCXX_DEBUG -DIS_64BIT -msse -DUSE_SSE2 -msse2 -DARCH=x86-64 -c -o atomic_fen.o api/atomic_fen.cpp
g++ -Wall -Wcast-qual -fno-exceptions -std=c++17 -pedantic -Wextra -Wshadow -Wmissing-declarations -m64 -Wstack-usage=128000 -fno-ipa-cp-clone -fconstexpr-ops-limit=500000000 -DUSE_PTHREADS -g -D_GLIBCXX_ASSERTIONS -D_GLIBCXX_DEBUG -DIS_64BIT -msse -DUSE_SSE2 -msse2 -DARCH=x86-64 -fexceptions -I. -c -o atomic_api_tests.o ../tests/atomic_api.cpp
g++ -o atomic-api-tests.bin attacks.o benchmark.o bitboard.o evaluate.o misc.o movegen.o movepick.o position.o search.o thread.o timeman.o tt.o uci.o uci_move.o ucioption.o xboard.o tune.o tbprobe.o atomic_notation.o atomic_outcome.o nnue_accumulator.o nnue_misc.o network.o half_ka_v2_hm.o half_ka_v2_atomic.o full_threats.o engine.o score.o memory.o atomic_board.o atomic_fen.o atomic_api_tests.o   -m64 -Wl,--no-as-needed -lpthread -lrt
./atomic-api-tests.bin
PASS san.atomic960-castle
PASS san.en-passant
PASS san.explosion
PASS san.promotion
PASS san.quiet
PASS san.disambiguation-file
PASS san.disambiguation-rank
PASS san.disambiguation-square
PASS san.atomic-check
PASS san.checkmate
PASS san.king-explosion-mate
PASS san.castle-kingside
PASS result.exploded-king
PASS result.exploded-king-priority
PASS result.mate
PASS result.stalemate
PASS material.k-v-k
PASS material.k-v-kp
PASS material.k-v-kq
PASS material.start
PASS checked.atomic-bishop
PASS checked.adjacent-kings
PASS outcome.fifty-move-claim
PASS outcome.threefold-claim
PASS validation.start
PASS validation.atomic-plus-marker
PASS validation.atomic-invalid-castling-rank
PASS validation.atomic960-castling
PASS validation.atomic-analysis-reachability
PASS validation.halfmove-nonnumeric
PASS validation.fullmove-nonnumeric
PASS validation.field-error-precedence
PASS validation.empty
PASS validation.board-construction-and-set
Atomic API unit tests passed
make: Leaving directory '/work/src'
make: Entering directory '/work/src'

g++ -Wall -Wcast-qual -fno-exceptions -std=c++17 -pedantic -Wextra -Wshadow -Wmissing-declarations -m64 -Wstack-usage=128000 -fno-ipa-cp-clone -fconstexpr-ops-limit=500000000 -DUSE_PTHREADS -g -D_GLIBCXX_ASSERTIONS -D_GLIBCXX_DEBUG -DIS_64BIT -msse -DUSE_SSE2 -msse2 -DARCH=x86-64 -I. -c -o atomic_syzygy_driver.o ../tests/atomic_syzygy_driver.cpp
Config:
debug: 'yes'
sanitize: 'none'
optimize: 'no'
arch: 'x86_64'
bits: '64'
kernel: 'Linux'
os: 'GNU/Linux'
prefetch: 'yes'
popcnt: 'no'
pext: 'no'
sse: 'yes'
mmx: 'no'
sse2: 'yes'
ssse3: 'no'
sse41: 'no'
avx2: 'no'
avxvnni: 'no'
avx512: 'no'
vnni512: 'no'
avx512icl: 'no'
altivec: 'no'
vsx: 'no'
neon: 'no'
dotprod: 'no'
arm_version: '0'
lsx: 'no'
lasx: 'no'
syzygy: 'yes'
target_windows: ''

Flags:
CXX: g++
CXXFLAGS:  -Wall -Wcast-qual -fno-exceptions -std=c++17  -pedantic -Wextra -Wshadow -Wmissing-declarations -m64 -Wstack-usage=128000 -fno-ipa-cp-clone -fconstexpr-ops-limit=500000000 -DUSE_PTHREADS -g -D_GLIBCXX_ASSERTIONS -D_GLIBCXX_DEBUG -DIS_64BIT -msse -DUSE_SSE2 -msse2 -DARCH=x86-64
LDFLAGS:   -m64 -Wl,--no-as-needed -lpthread -lrt

Testing config sanity. If this fails, try 'make help' ...

g++ -o atomic-syzygy-driver.bin attacks.o bitboard.o misc.o movegen.o position.o tbprobe.o ucioption.o atomic_syzygy_driver.o   -m64 -Wl,--no-as-needed -lpthread -lrt
make: Leaving directory '/work/src'
Atomic UCI protocol contract passed
PASS perft depth=4 expected=197326 chess960=false
PASS perft depth=4 expected=1434825 chess960=false
PASS perft depth=4 expected=714499 chess960=false
PASS perft depth=2 expected=148 chess960=false
PASS perft depth=4 expected=61401 chess960=true
PASS perft depth=4 expected=98729 chess960=true
PASS perft depth=4 expected=241478 chess960=true
PASS perft depth=4 expected=17915 chess960=true
Atomic perft contract passed

Atomic-Stockfish candidate: /work/src/atomic-stockfish
  PASS [perft] explosion_bycatch_and_pawn_immunity
  PASS [perft] self_explosion_is_illegal
  PASS [perft] adjacent_kings_are_legal
  PASS [perft] atomic_en_passant
  PASS [perft] explosion_clears_castling_right
  PASS [perft] capture_promotion_explodes
  PASS [perft] king_exploded_is_terminal
  PASS [perft] atomic_checkmate_has_no_moves
  PASS [perft] atomic_stalemate_has_no_moves
  PASS [perft] atomic960_castle_is_legal
  PASS [perft] atomic960_castle_through_atomic_check_is_illegal
  PASS [transition] explosion_bycatch_and_pawn_immunity_after_qxd4
  PASS [transition] atomic_en_passant_after_e5d6
  PASS [transition] castling_right_after_rook_bycatch
  PASS [transition] capture_promotion_after_g7h8q
  PASS [transition] king_explosion_after_g1g8
  PASS [transition] direct_king_capture_after_h7h8
  PASS [terminal] atomic_checkmate_result
  PASS [terminal] atomic_stalemate_result
Atomic-Stockfish candidate: 19/19 checks passed

Atomic rules contract passed.
Atomic perft and rule-transition suite passed
PASS quiet atomic check remains forcing in qsearch: mate 1, pv h2b8
PASS Atomic mate takes priority over the fifty-move draw: mate 1, pv h2b8
PASS qsearch scores a quiet-move stalemate as draw: cp 0, pv d5c6
PASS move picker preserves an internal quiet Atomic check: mate -1, pv a8b7 h2b8
PASS analysis FEN preserves an existing check after a quiet move: cp 1357, pv b1c3 a8b7
PASS qsearch explores quiet atomic check evasions: cp 600, pv a2h2 h8g7
PASS third qsearch capture is explosive mate: mate -1, pv c2c3 g8g2
PASS direct king capture: mate 1, pv h7h8
PASS adjacent king bycatch: mate 1, pv g1g8
PASS en-passant king bycatch: mate 1, pv e5d6
PASS capture-promotion king bycatch: mate 1, pv g7h8q
PASS main capture futility preserves explosive non-pawn bycatch: cp 1633, pv g1h3 e6d5
PASS main capture futility preserves explosive en passant bycatch: cp 744, pv d2d4 e4d3
PASS qsearch capture futility preserves explosive non-pawn bycatch: cp 1633, pv g1h3 e6d5
PASS qsearch capture futility preserves explosive en passant bycatch: cp 744, pv d2d4 e4d3
Atomic search regressions passed: 15/15
PASS quiet atomic check remains forcing in qsearch: mate 1, pv h2b8
PASS Atomic mate takes priority over the fifty-move draw: mate 1, pv h2b8
PASS qsearch scores a quiet-move stalemate as draw: cp 0, pv d5c6
PASS move picker preserves an internal quiet Atomic check: mate -1, pv a8b7 h2b8
PASS analysis FEN preserves an existing check after a quiet move: cp 426, pv b1c3 a8b7
PASS qsearch explores quiet atomic check evasions: cp 3, pv a2h2 h8g7
PASS third qsearch capture is explosive mate: mate -1, pv c2c3 g8g2
PASS direct king capture: mate 1, pv h7h8
PASS adjacent king bycatch: mate 1, pv g1g8
PASS en-passant king bycatch: mate 1, pv e5d6
PASS capture-promotion king bycatch: mate 1, pv g7h8q
PASS main capture futility preserves explosive non-pawn bycatch: cp 1141, pv g1h3 e6d5
PASS main capture futility preserves explosive en passant bycatch: cp 674, pv d2d4 e4d3
PASS qsearch capture futility preserves explosive non-pawn bycatch: cp 1141, pv g1h3 e6d5
PASS qsearch capture futility preserves explosive en passant bycatch: cp 674, pv d2d4 e4d3
Atomic search regressions passed: 15/15
PASS source contract: Atomic suffixes/magics/max6/terminal/EP/castling/DTZ-mate
PASS connected kings: exact contiguous 518-index domain (not orthodox 462)
PASS real table fixtures: 13 headers and SHA-256 hashes
PASS real probes: interior/root/quiet-mate/connected/terminal/EP/promotion/rule50/castling
PASS swapped magic: WDL/DTZ markers cannot be interchanged
Atomic Syzygy tests passed: 5/5
Atomic Syzygy UCI tests passed: max6, load, root ranking, interior WDL, terminal, castling, Atomic960, recoverable paths, NNUE=false/true
XBoard Atomic protocol passed

artifact hashes and sizes:
8fc0d1bfdefd5bcbe720defc567f29b499cf3307b97a556167129ef4568d8ed1  src/atomic-stockfish
cef529972c52b4651b8050c05a6dc957642e69e10384aab88f7cdd37b0dd7f6b  src/atomic-unit-tests.bin
9f0a5f5fd91fd934a3d5cdbd668f89457479b8b7900f81b0b1886e59cee246d5  src/atomic-api-tests.bin
cdd67650adab41d70352ab2e81c4689326b354579f574e7ee459589f7b21703d  src/atomic-syzygy-driver.bin
src/atomic-stockfish|16496248
src/atomic-unit-tests.bin|15712488
src/atomic-api-tests.bin|16171464
src/atomic-syzygy-driver.bin|3584272

gate_exit_code=0
