schema=atomic-stockfish-hito7-final-e2e-summary-v1
date=2026-07-13
result=PASS
profile=windows-bmi2-real-cpu-update

atomic_gate_code_commit=a7b89b118a055bf5b111c7ccbbd74f3c8aab064d
contract_engine_commit=76764c3c01ce5965a793a65e4580dd5c95cd2916
tools_atomic_commit=40d2db224ef890f76b346ff4687e18fb33c98e23
trainer_atomic_commit=3e5651a977eca1351d7ef101acb8ff5c45588b12
source_network_sha256=99dc67eabf26a64faeeca3a88b4c38597a840b8d4a874b9f2cf658c6f92a04a6

engine_sha256=d75b9b79cf103b57c010c1ae905dfae6428676218791d04e84b9edb1d70e1a57
data_generator_sha256=f17c7431ded4cce358a27d7f915370981c4aa0f46667138b35f0af2cd0438e83
direct_data_tools_sha256=b9a961367de179c5638eabfff463e2738acfef6740604aeef0617c38abf94986
wrapper_data_tools_sha256=6d676a8aa8355678ca8d05df377c1965b41c4481d2082d4bb16f1783f1272bad
trainer_loader_sha256=693164a70bb21d36e5b5fd249c70a0f8d110b4b70b4faa84e329178936a18a1b
python_sha256=42ac541168e97dedb9aabd8be335539fc41c682e414b9e8d137b164fb68683b0

train_records=128
train_shards=2
train_seed=2026071301
train_manifest_sha256=9870b3169936821a93216cc306b2cd20d045a51994e83c0be2246fd48af8ff1b
train_decode_sha256=792361183134e363d0afa0e4ffdfde47da5737d0a8f42ff9613977dbd1f997ea
validation_records=128
validation_shards=2
validation_seed=2026071302
validation_manifest_sha256=b626c03cfb671abc8af593257c399c5798a220ffa6223691ef0065a21b1ed5a3
validation_decode_sha256=05e2b424e2c969880bb14eff05dee2be8ccbd88e4fa4e4bb967fb1d364c5756b

trainer_device=cpu
trainer_global_step=1
trainer_epoch=0
checkpoint_sha256=08675e2425a6a67df0f87f5a6578c6531bddaa5d5cfad39cfa2ef4369e36ce09
candidate_version=0x7AF32F20
candidate_architecture=0x3C103E72
candidate_sha256=f64731091875c4a1656e204a1064159ef368039edf2e29246e703d331047fbac
roundtrip_sha256=f64731091875c4a1656e204a1064159ef368039edf2e29246e703d331047fbac
serialization_byte_exact=true
serialization_evidence_sha256=e708d17bfb053543a995755cf5820428ca649f2b1043ed3ae9a3e2c26259d23e
engine_use_nnue=true
bestmove_nodes_1=g1f3

archive_files=72
archive_bytes=95839205
archive_hashes_json_sha256=4755ba0a394d6cce88a8a57714596991fdaa50601c2279d2c4fbf9f4a1be2563
archive_result_json_sha256=677d2a921b662509a9faa54f0789d1e1cd897781d29c95c838aa87a080378b1b
archive_provenance_json_sha256=3b2209c54707118292f31f9c3404f658b9094c316515e9dd14e494db750279c5
privacy_postflight=PASS
input_postflight_reauthentication=PASS

focal_unit_tests=155/155 PASS
github_actions_checks=13/13 PASS
playing_code_changed=false
elo_gate_required=false

rejected_attempt_status=FAIL_CLOSED
rejected_attempt_reason=build environment omitted git identity and generator emitted engine.commit=unknown
rejected_attempt_reached_training=false
