H8.3b candidate B47DD600D41BC47AF996C4A3ABC6C8189F3EF89A91ACC032C4FD2B687EDC71F5
H8.3a control   5335201E2D4EFBA9B34814D7258E83118D2C8A60EA0C4D538750D31E3118911E
corpus          2738065A8A70D61DA46FA3C75F95D645E50E601B43792DF0E7B3CC97B1D891A1
network         99DC67EABF26A64FAEECA3A88B4C38597A840B8D4A874B9F2CF658C6F92A04A6
configuration   threads=1 hash_mb=64 affinity=24 nodes_per_fen=100000 warmups=1 repetitions_per_batch=5

batch 01 candidate=1360719,1355049,1359297,1356462,1373650 median=1359297
batch 01 control=1379477,1382409,1380942,1370756,1367873 median=1379477 ratio=0.9854
batch 02 candidate=1348028,1370756,1400266,1376558,1378016 median=1376558
batch 02 control=1365002,1394263,1388311,1392770,1378016 median=1388311 ratio=0.9915
batch 03 candidate=1341079,1389794,1378016,1392770,1392770 median=1389794
batch 03 control=1331471,1363571,1385354,1386830,1401775 median=1385354 ratio=1.0032
batch 04 candidate=1365002,1423246,1392770,1392770,1394263 median=1392770
batch 04 control=1388311,1392770,1379477,1388311,1391280 median=1388311 ratio=1.0032
batch 05 candidate=1409368,1413964,1397258,1382409,1395759 median=1397258
batch 05 control=1395759,1389794,1401775,1363571,1398760 median=1395759 ratio=1.0011
batch 06 candidate=1389794,1394263,1389794,1409368,1401775 median=1394263
batch 06 control=1388311,1404802,1401775,1392770,1378016 median=1392770 ratio=1.0011
batch 07 candidate=1392770,1400266,1345240,1383880,1404802 median=1392770
batch 07 control=1409368,1394263,1380942,1373650,1418590 median=1394263 ratio=0.9989
batch 08 candidate=1395759,1400266,1404802,1400266,1410897 median=1400266
batch 08 control=1343850,1376558,1382409,1375103,1391280 median=1376558 ratio=1.0172
batch 09 candidate=1424805,1418590,1427933,1417045,1423246 median=1423246
batch 09 control=1407843,1417045,1407843,1415503,1372201 median=1407843 ratio=1.0109
batch 10 candidate=1382409,1380942,1379477,1394263,1412429 median=1382409
batch 10 control=1382409,1398760,1369313,1376558,1398760 median=1382409 ratio=1.0000

initial pooled candidate=1382409 control=1386830 ratio=0.996812 delta_pct=-0.319
extension pooled candidate=1400266 control=1391280 ratio=1.006459 delta_pct=+0.646
all pooled candidate=1392770 control=1388311 ratio=1.003212 delta_pct=+0.321
batch outcomes candidate/control/tie=6/3/1
binary delta bytes=-4904
OpenBench pause roots=1 processes=2; restored processes=2 after each window
