schema=atomic-stockfish-hito6-final-pipeline-summary-v1
provenance=normalized observed output, not raw stdout
result=PASS

profile=strong-local
atomic_commit=ebfe93420c9998e4ea7dcbf4c6ba20516f1dee63
atomic_tree=a390c1e4156fad9bff57e7d66494d01821b9aa02
tools_commit=22c271c30641134109252e0665a98837d4f74ba8
trainer_commit=dafec1daa594ff7eff3dca79064ed10660702a36
atomic_manifest_path=bmi2/final-ebfe9342/atomic-build.json
atomic_manifest_sha256=169D4C1A9D93F95555FDD74B5149C7B26894CC1A1C153C35B5073C2969C9DBBC
tools_manifest_path=docs/atomic/evidence/hito6-pinned-pipeline/manifests/tools-build.json
tools_manifest_sha256=874F3A9313F0E0B29ADC88BC79A4898FE17229F88B9CF2BF03B228E9C8E29FEF
trainer_manifest_path=docs/atomic/evidence/hito6-pinned-pipeline/manifests/trainer-build.json
trainer_manifest_sha256=C37A0E12C316D4849E05763C126A8CFBFED99E38174356525FA9F075A5787CB2
records=8
source_sha256=99DC67EABF26A64FAEECA3A88B4C38597A840B8D4A874B9F2CF658C6F92A04A6
data_sha256=7DE72B1385DBC8E37312A513D1CF4C7D99F889EC8B747F548ED32E8D7A261A2D
nnue_sha256=A69FB0A7DC211AA4D8BB0974BA881F6CA0F98C5FBC30E0203B9E08B99076E3DC
loss=0.0347999074
ft_delta=8.66651535e-05
fc_delta=8.454262e-07
bestmove=b2b3
checkout_postflight=PASS
environment_postflight=PASS
artifact_postflight=PASS

public_profile=synthetic-ci
public_status=PASS
public_run_url=https://github.com/Belzedar94/Atomic-Stockfish/actions/runs/29178527310
public_job_url=https://github.com/Belzedar94/Atomic-Stockfish/actions/runs/29178527310/job/86612025190
public_head_sha=ebfe93420c9998e4ea7dcbf4c6ba20516f1dee63
