Compiler preflight: PASS signature=64bit BMI2 AVX2 SSE41 SSSE3 SSE2 POPCNT compiler=g++ (GNUC) 15.2.0
Engine artifacts preflight: candidate_bytes=4263264 candidate_sha256=B2F750FEE129D04ECAA9360E6AE6BE94F525A4453E085F03B02F2200AE56EB2C baseline_bytes=4269764 baseline_sha256=92E9C3C254741B628996D2F6617FF871EA1C06DAEEFB8AC749BF755FAAAC2323
Corpus: positions=13 atomic=10 atomic960=3 sha256=2738065a8a70d61da46fa3c75f95d645e50e601b43792df0e7b3cc97b1d891a1
Configuration: net_sha256=99DC67EABF26A64FAEECA3A88B4C38597A840B8D4A874B9F2CF658C6F92A04A6 threads=1 hash_mb=64 cpu=24 psutil=7.2.2 nodes_per_fen=100000 warmups=1 repetitions=5
Warm-up candidate: nodes=1300847 time_ms=1676 nps=776162
Warm-up control: nodes=1300847 time_ms=1593 nps=816602
Run 1/5 candidate: nodes=1300847 time_ms=1570 nps=828565
Run 1/5 control: nodes=1300847 time_ms=1510 nps=861488
Run 2/5 control: nodes=1300847 time_ms=1496 nps=869550
Run 2/5 candidate: nodes=1300847 time_ms=1706 nps=762513
Run 3/5 candidate: nodes=1300847 time_ms=1547 nps=840884
Run 3/5 control: nodes=1300847 time_ms=1578 nps=824364
Run 4/5 control: nodes=1300847 time_ms=1673 nps=777553
Run 4/5 candidate: nodes=1300847 time_ms=1500 nps=867231
Run 5/5 candidate: nodes=1300847 time_ms=1496 nps=869550
Run 5/5 control: nodes=1300847 time_ms=1624 nps=801014
A/B artifact postflight: PASS files=8
Candidate: median_nps=840884 binary_bytes=4263264
Control: median_nps=824364 binary_bytes=4269764
Comparison: nps_ratio=1.0200 speed_delta_pct=2.00 size_ratio=0.9985 size_delta_bytes=-6500
COMMIT A/B GATE: PASS (candidate median NPS is strictly higher)
