gate=Legacy Atomic V1 cross-repository E2E
status=PASS
engine_head=0c45a9bf711814621607f3d0bed546a026cdf4d1
engine_tree=f92e23c5104bf30d7e909be558ef23934c401d14
engine_tracked_dirty=false
engine_untracked=src/build/
engine_sha256=FBF26ABDA7AF8701B2E6B4F0F8D8A18EB385C871ECC66E0E0580DA8BA1E42DB2
tools_head=c8df2c39515a2654d5b52ba55b4ee585b20430a8
tools_dirty=true
tools_canonical_content_sha256=EDA1693CBA433B32DE2B9406FBB16394465DDDF087FA9776AD40E81AE1C557C6
tools_aggregate_fingerprint=588A7F2FD99462CB3FC622C0A277789497539A267D64CC10A5D994BD7196D4AA
tools_engine_sha256=CC17E29E8B4953A2219F3AB63FDF25180DBBF5B3D6AA1CFBCBDE17DC75A024F1
trainer_head=b15df38a9aae8ab9b40b2378020b3099c7c5d179
trainer_dirty=true
trainer_canonical_content_sha256=3175E1B1C3C8455E1392D87BDD9521D370C004FE531650EBBF18EBE50C8B0DA6
trainer_aggregate_fingerprint=4ADF140E134A67771A5B057E35F35D955DBEC9F4022A17C99CEBCEA927B4BA28
trainer_loader_sha256=F4349EA5125F13F807087BA5EC15FE4801B6A3567A847B5598CD7741D787DFF7
pipeline_snapshot_sha256=5BBA7B3F50459A762A692702E67E8DC2E7B6253A4C07BC41407ED64B089A3E5A
pipeline_snapshot_match=true
runner_sha256=B15BF52E5AAF1B272D47D32B6A33B8955A3C6A0CB0F624146097B94B2C0C9768
source_net_sha256=99DC67EABF26A64FAEECA3A88B4C38597A840B8D4A874B9F2CF658C6F92A04A6
records=8
seed=20260711
data_sha256=7DE72B1385DBC8E37312A513D1CF4C7D99F889EC8B747F548ED32E8D7A261A2D
generated_a_equals_b=true
roundtrip_plain_equals_source_plain=true
trained_nnue_sha256=A69FB0A7DC211AA4D8BB0974BA881F6CA0F98C5FBC30E0203B9E08B99076E3DC
loss=0.0347999074
ft_delta=8.66651535e-05
fc_delta=8.454262e-07
bestmove=b2b3
matches_prior_qsearch_pipeline_marker=True
attempt1=wrapper_capture_aborted_on_CuPy_stderr_warning_before_runner_completion
attempt2_exit_code=0
attempt1_log_sha256=530448939C2682A05D2076199C8C3EC7E88F57A5AD66F13DC551EF8B3E6EC216
attempt2_log_sha256=B9DD4C09E7207371943E6E73DA92C46C5C50057C439EC2F5B6C8015AC35F728C
snapshot_audit_log_sha256=74856871A7EF5B0AA50D03FE127AC94570D64367422DAC0DABC604D11AEBBEA6
versioned_e2e_path=e2e.log
versioned_e2e_bytes=1581
versioned_e2e_sha256=0EECCDD519AE2FA508EF0F24F6F1E0D15834CCD6ED7DD5EC22D98F015E7F01FF
versioned_snapshot_audit_path=snapshot-audit.log
versioned_snapshot_audit_bytes=8684
versioned_snapshot_audit_sha256=8441446B0B5D73ABFAFC4AE082CD957110792987F63F482936736F2A74BFCCC2
normalization_note=attempt2_log_sha256 and snapshot_audit_log_sha256 identify raw captures; versioned hashes identify UTF-8/LF copies
